[debug] [2025-10-30T14:36:34.863Z] ----------------------------------------------------------------------
[debug] [2025-10-30T14:36:34.866Z] Command:       /nix/store/ws50yvm6vzlzf7jzz6n7xh4szddrack1-nodejs-20.19.1/bin/node /nix/store/i78h9v2gl6qg2w9646hi06syn3hbv4kj-firebase-tools-14.19.1/lib/node_modules/firebase-tools/lib/bin/firebase.js init hosting:github
[debug] [2025-10-30T14:36:34.867Z] CLI Version:   14.19.1
[debug] [2025-10-30T14:36:34.868Z] Platform:      linux
[debug] [2025-10-30T14:36:34.868Z] Node Version:  v20.19.1
[debug] [2025-10-30T14:36:34.868Z] Time:          Thu Oct 30 2025 14:36:34 GMT+0000 (Coordinated Universal Time)
[debug] [2025-10-30T14:36:34.868Z] ----------------------------------------------------------------------
[debug] 
[debug] [2025-10-30T14:36:34.872Z] >>> [apiv2][query] GET https://firebase-public.firebaseio.com/cli.json [none]
[debug] [2025-10-30T14:36:34.930Z] No OAuth tokens found
[debug] [2025-10-30T14:36:34.931Z] No OAuth tokens found
[error] Failed to fetch Firebase Project from current Studio Workspace: Unable to refresh auth: not yet authenticated.
[info] 
     ######## #### ########  ######## ########     ###     ######  ########
     ##        ##  ##     ## ##       ##     ##  ##   ##  ##       ##
     ######    ##  ########  ######   ########  #########  ######  ######
     ##        ##  ##    ##  ##       ##     ## ##     ##       ## ##
     ##       #### ##     ## ######## ########  ##     ##  ######  ########

You're about to initialize a Firebase project in this directory:

  /home/user/derekwong.co

[info] 
=== Project Setup
[info] 
[info] First, let's associate this project directory with a Firebase project.
[info] You can create multiple project aliases by running firebase use --add, 
[info] 
[debug] [2025-10-30T14:36:35.102Z] <<< [apiv2][status] GET https://firebase-public.firebaseio.com/cli.json 200
[debug] [2025-10-30T14:36:35.104Z] <<< [apiv2][body] GET https://firebase-public.firebaseio.com/cli.json {"cloudBuildErrorAfter":1594252800000,"cloudBuildWarnAfter":1590019200000,"defaultNode10After":1594252800000,"minVersion":"3.0.5","node8DeploysDisabledAfter":1613390400000,"node8RuntimeDisabledAfter":1615809600000,"node8WarnAfter":1600128000000}
[debug] [2025-10-30T14:37:13.448Z] > command requires scopes: ["email","openid","https://www.googleapis.com/auth/cloudplatformprojects.readonly","https://www.googleapis.com/auth/firebase","https://www.googleapis.com/auth/cloud-platform","https://www.googleapis.com/auth/userinfo.email"]
[debug] [2025-10-30T14:37:45.142Z] Running auto auth
[debug] [2025-10-30T14:37:45.182Z] No OAuth tokens found
[debug] [2025-10-30T14:37:45.183Z] >>> [apiv2][query] GET https://firebase.googleapis.com/v1beta1/projects pageSize=100
[debug] [2025-10-30T14:37:45.678Z] <<< [apiv2][status] GET https://firebase.googleapis.com/v1beta1/projects 200
[debug] [2025-10-30T14:37:45.678Z] <<< [apiv2][body] GET https://firebase.googleapis.com/v1beta1/projects [omitted]
